<?xml version="1.0" encoding="UTF-8"?>
<!-- Generated by org.testng.reporters.JUnitXMLReporter -->
<testsuite ignored="1" hostname="DESKTOP-12ATVB7" failures="0" tests="2" name="Test" time="0.076" errors="0" timestamp="2023-05-06T17:49:43 IST">
  <testcase classname="Testng_advantages.Disabled_TC_using_suite" name="TC1" time="0.016"/>
  <testcase classname="Testng_advantages.Disabled_TC_using_suite" name="TC3" time="0.001"/>
  <testcase classname="Testng_advantages.Disabled_TC_using_suite" name="TC2" time="0.0">
    <ignored/>
  </testcase> <!-- TC2 -->
</testsuite> <!-- Test -->
