<?xml version="1.0" encoding="UTF-8"?>
<testng-results ignored="0" total="1" passed="1" failed="0" skipped="0">
  <reporter-output>
    <line>
      <![CDATA[hi]]>
    </line>
  </reporter-output>
  <suite started-at="2023-05-09T12:18:21 IST" name="Default suite" finished-at="2023-05-09T12:18:21 IST" duration-ms="84">
    <groups>
    </groups>
    <test started-at="2023-05-09T12:18:21 IST" name="Default test" finished-at="2023-05-09T12:18:21 IST" duration-ms="84">
      <class name="Testng_advantages.Timeout">
        <test-method signature="TC()[pri:0, instance:Testng_advantages.Timeout@71238fc2]" started-at="2023-05-09T12:18:21 IST" name="TC" finished-at="2023-05-09T12:18:21 IST" duration-ms="24" status="PASS">
          <reporter-output>
            <line>
              <![CDATA[hi]]>
            </line>
          </reporter-output>
        </test-method> <!-- TC -->
      </class> <!-- Testng_advantages.Timeout -->
    </test> <!-- Default test -->
  </suite> <!-- Default suite -->
</testng-results>
